<?xml version="1.0" encoding="UTF-8"?>
<!-- Generated by org.testng.reporters.JUnitXMLReporter -->
<testsuite hostname="ip-172-31-88-49" ignored="0" name="Test" tests="2" failures="1" timestamp="2021-11-12T07:25:12 UTC" time="12.034" errors="0">
  <testcase name="NegativeLogin" time="3.525" classname="test.LoginTest">
    <failure type="java.lang.AssertionError" message="expected [true] but found [false]">
      <![CDATA[java.lang.AssertionError: expected [true] but found [false]
at test.LoginTest.NegativeLogin(LoginTest.java:28)
at java.util.ArrayList.forEach(ArrayList.java:1259)
... Removed 31 stack frames]]>
    </failure>
  </testcase> <!-- NegativeLogin -->
  <testcase name="PositiveLogin" time="3.277" classname="test.LoginTest"/>
</testsuite> <!-- Test -->
