<?xml version="1.0" encoding="UTF-8"?>
<!-- Generated by org.testng.reporters.JUnitXMLReporter -->
<testsuite hostname="ip-172-31-88-49" ignored="0" name="Test" tests="3" failures="1" timestamp="2021-11-12T06:13:35 UTC" time="16.293" errors="0">
  <testcase name="ExcelTest" time="2.792" classname="test.LoginTest"/>
  <testcase name="NegativeLogin" time="3.418" classname="test.LoginTest">
    <failure type="java.lang.AssertionError" message="expected [true] but found [false]">
      <![CDATA[java.lang.AssertionError: expected [true] but found [false]
at test.LoginTest.NegativeLogin(LoginTest.java:28)
at java.util.ArrayList.forEach(ArrayList.java:1259)
... Removed 31 stack frames]]>
    </failure>
  </testcase> <!-- NegativeLogin -->
  <testcase name="PositiveLogin" time="3.339" classname="test.LoginTest"/>
</testsuite> <!-- Test -->
