<?xml version="1.0" encoding="UTF-8"?>
<testng-results skipped="0" failed="0" ignored="0" total="2" passed="2">
  <reporter-output>
  </reporter-output>
  <suite name="Default suite" duration-ms="53" started-at="2021-11-12T07:27:09 UTC" finished-at="2021-11-12T07:27:09 UTC">
    <groups>
    </groups>
    <test name="Default test" duration-ms="53" started-at="2021-11-12T07:27:09 UTC" finished-at="2021-11-12T07:27:09 UTC">
      <class name="tdd.CalculatorTest">
        <test-method status="PASS" signature="AddTest1()[pri:0, instance:tdd.CalculatorTest@2f943d71]" name="AddTest1" duration-ms="14" started-at="2021-11-12T07:27:09 UTC" finished-at="2021-11-12T07:27:09 UTC">
          <reporter-output>
          </reporter-output>
        </test-method> <!-- AddTest1 -->
        <test-method status="PASS" signature="AddTest2()[pri:0, instance:tdd.CalculatorTest@2f943d71]" name="AddTest2" duration-ms="1" started-at="2021-11-12T07:27:09 UTC" finished-at="2021-11-12T07:27:09 UTC">
          <reporter-output>
          </reporter-output>
        </test-method> <!-- AddTest2 -->
      </class> <!-- tdd.CalculatorTest -->
    </test> <!-- Default test -->
  </suite> <!-- Default suite -->
</testng-results>
