<?xml version="1.0" encoding="UTF-8"?>
<testng-results skipped="0" failed="0" ignored="0" total="3" passed="3">
  <reporter-output>
  </reporter-output>
  <suite name="Suite" duration-ms="13661" started-at="2021-11-09T04:44:50Z" finished-at="2021-11-09T04:45:03Z">
    <groups>
    </groups>
    <test name="Test" duration-ms="13661" started-at="2021-11-09T04:44:50Z" finished-at="2021-11-09T04:45:03Z">
      <class name="test.LoginTest">
        <test-method status="PASS" signature="reportSetup()[pri:0, instance:test.LoginTest@4e718207]" name="reportSetup" is-config="true" duration-ms="548" started-at="2021-11-09T04:44:50Z" finished-at="2021-11-09T04:44:50Z">
          <reporter-output>
          </reporter-output>
        </test-method> <!-- reportSetup -->
        <test-method status="PASS" signature="setup()[pri:0, instance:test.LoginTest@4e718207]" name="setup" is-config="true" duration-ms="1418" started-at="2021-11-09T04:44:50Z" finished-at="2021-11-09T04:44:52Z">
          <reporter-output>
          </reporter-output>
        </test-method> <!-- setup -->
        <test-method status="PASS" signature="ExcelTest()[pri:0, instance:test.LoginTest@4e718207]" name="ExcelTest" duration-ms="2329" started-at="2021-11-09T04:44:52Z" finished-at="2021-11-09T04:44:54Z">
          <reporter-output>
          </reporter-output>
        </test-method> <!-- ExcelTest -->
        <test-method status="PASS" signature="teardown()[pri:0, instance:test.LoginTest@4e718207]" name="teardown" is-config="true" duration-ms="75" started-at="2021-11-09T04:44:54Z" finished-at="2021-11-09T04:44:54Z">
          <reporter-output>
          </reporter-output>
        </test-method> <!-- teardown -->
        <test-method status="PASS" signature="setup()[pri:0, instance:test.LoginTest@4e718207]" name="setup" is-config="true" duration-ms="1258" started-at="2021-11-09T04:44:54Z" finished-at="2021-11-09T04:44:55Z">
          <reporter-output>
          </reporter-output>
        </test-method> <!-- setup -->
        <test-method status="PASS" signature="NegativeLogin(java.lang.String, java.lang.String)[pri:0, instance:test.LoginTest@4e718207]" name="NegativeLogin" duration-ms="3129" started-at="2021-11-09T04:44:55Z" finished-at="2021-11-09T04:44:58Z">
          <params>
            <param index="0">
              <value>
                <![CDATA[abc@abc.com]]>
              </value>
            </param>
            <param index="1">
              <value>
                <![CDATA[Abcde123@]]>
              </value>
            </param>
          </params>
          <reporter-output>
          </reporter-output>
        </test-method> <!-- NegativeLogin -->
        <test-method status="PASS" signature="teardown()[pri:0, instance:test.LoginTest@4e718207]" name="teardown" is-config="true" duration-ms="84" started-at="2021-11-09T04:44:58Z" finished-at="2021-11-09T04:44:58Z">
          <reporter-output>
          </reporter-output>
        </test-method> <!-- teardown -->
        <test-method status="PASS" signature="setup()[pri:0, instance:test.LoginTest@4e718207]" name="setup" is-config="true" duration-ms="1367" started-at="2021-11-09T04:44:58Z" finished-at="2021-11-09T04:45:00Z">
          <reporter-output>
          </reporter-output>
        </test-method> <!-- setup -->
        <test-method status="PASS" signature="PositiveLogin(java.lang.String, java.lang.String)[pri:0, instance:test.LoginTest@4e718207]" name="PositiveLogin" duration-ms="3161" started-at="2021-11-09T04:45:00Z" finished-at="2021-11-09T04:45:03Z">
          <params>
            <param index="0">
              <value>
                <![CDATA[abc@abc.com]]>
              </value>
            </param>
            <param index="1">
              <value>
                <![CDATA[Abcde123@]]>
              </value>
            </param>
          </params>
          <reporter-output>
          </reporter-output>
        </test-method> <!-- PositiveLogin -->
        <test-method status="PASS" signature="teardown()[pri:0, instance:test.LoginTest@4e718207]" name="teardown" is-config="true" duration-ms="69" started-at="2021-11-09T04:45:03Z" finished-at="2021-11-09T04:45:03Z">
          <reporter-output>
          </reporter-output>
        </test-method> <!-- teardown -->
        <test-method status="PASS" signature="ReportTearDown()[pri:0, instance:test.LoginTest@4e718207]" name="ReportTearDown" is-config="true" duration-ms="206" started-at="2021-11-09T04:45:03Z" finished-at="2021-11-09T04:45:03Z">
          <reporter-output>
          </reporter-output>
        </test-method> <!-- ReportTearDown -->
      </class> <!-- test.LoginTest -->
    </test> <!-- Test -->
  </suite> <!-- Suite -->
</testng-results>
